Traceback (most recent call last):
  File "/opt/hostedtoolcache/Python/3.7.15/x64/lib/python3.7/site-packages/jupyter_cache/executors/utils.py", line 56, in single_nb_execution
    record_timing=False,
  File "/opt/hostedtoolcache/Python/3.7.15/x64/lib/python3.7/site-packages/nbclient/client.py", line 1204, in execute
    return NotebookClient(nb=nb, resources=resources, km=km, **kwargs).execute()
  File "/opt/hostedtoolcache/Python/3.7.15/x64/lib/python3.7/site-packages/nbclient/util.py", line 84, in wrapped
    return just_run(coro(*args, **kwargs))
  File "/opt/hostedtoolcache/Python/3.7.15/x64/lib/python3.7/site-packages/nbclient/util.py", line 62, in just_run
    return loop.run_until_complete(coro)
  File "/opt/hostedtoolcache/Python/3.7.15/x64/lib/python3.7/asyncio/base_events.py", line 587, in run_until_complete
    return future.result()
  File "/opt/hostedtoolcache/Python/3.7.15/x64/lib/python3.7/site-packages/nbclient/client.py", line 664, in async_execute
    cell, index, execution_count=self.code_cells_executed + 1
  File "/opt/hostedtoolcache/Python/3.7.15/x64/lib/python3.7/site-packages/nbclient/client.py", line 965, in async_execute_cell
    await self._check_raise_for_error(cell, cell_index, exec_reply)
  File "/opt/hostedtoolcache/Python/3.7.15/x64/lib/python3.7/site-packages/nbclient/client.py", line 862, in _check_raise_for_error
    raise CellExecutionError.from_cell_and_msg(cell, exec_reply_content)
nbclient.exceptions.CellExecutionError: An error occurred while executing the following cell:
------------------
import ipywidgets as widgets
from ipywidgets import interact, interactive, interact_manual, interactive_output, Label
import numpy as np
from matplotlib import pyplot as plt

# this only works in jupyter notebooks (remove it otherwise)
%matplotlib inline
%config InlineBackend.figure_format = 'retina'
from matplotlib import rc, rcParams
rcParams.update({'font.size': 16})

# import coolprop. to install coolprop use "pip install CoolProp" in a terminal or directly here using: 
# !pip install CoolProp   # uncomment this line to install CoolProp here.
import CoolProp.CoolProp as cp
------------------

[0;31m---------------------------------------------------------------------------[0m
[0;31mModuleNotFoundError[0m                       Traceback (most recent call last)
[0;32m/tmp/ipykernel_1835/3822414238.py[0m in [0;36m<module>[0;34m[0m
[1;32m     12[0m [0;31m# import coolprop. to install coolprop use "pip install CoolProp" in a terminal or directly here using:[0m[0;34m[0m[0;34m[0m[0;34m[0m[0m
[1;32m     13[0m [0;31m# !pip install CoolProp   # uncomment this line to install CoolProp here.[0m[0;34m[0m[0;34m[0m[0;34m[0m[0m
[0;32m---> 14[0;31m [0;32mimport[0m [0mCoolProp[0m[0;34m.[0m[0mCoolProp[0m [0;32mas[0m [0mcp[0m[0;34m[0m[0;34m[0m[0m
[0m
[0;31mModuleNotFoundError[0m: No module named 'CoolProp'
ModuleNotFoundError: No module named 'CoolProp'

